<?xml version="1.0" encoding="UTF-8"?>
<!-- Generated by org.testng.reporters.JUnitReportReporter -->
<testsuite hostname="EC2AMAZ-D9GMPCC" failures="0" tests="4" name="testng.LearningTestNG" time="0.039" errors="0" timestamp="2023-09-01T09:23:09 GMT" skipped="0">
  <testcase classname="testng.LearningTestNG" name="test1" time="0.008"/>
  <system-out/>
  <testcase classname="testng.LearningTestNG" name="test1" time="0.023"/>
  <system-out/>
  <testcase classname="testng.LearningTestNG" name="test3" time="0.005"/>
  <system-out/>
  <testcase classname="testng.LearningTestNG" name="ztest2" time="0.003"/>
  <system-out/>
</testsuite> <!-- testng.LearningTestNG -->
