<?xml version="1.0" encoding="UTF-8"?>
<!-- Generated by org.testng.reporters.JUnitReportReporter -->
<testsuite hostname="EC2AMAZ-D9GMPCC" failures="0" tests="1" name="authtechniques.Oauth" time="3.752" errors="0" timestamp="2023-08-31T12:15:16 GMT" skipped="0">
  <testcase classname="authtechniques.Oauth" name="OAuth" time="3.752"/>
  <system-out/>
</testsuite> <!-- authtechniques.Oauth -->
