<?xml version="1.0" encoding="UTF-8"?>
<!-- Generated by org.testng.reporters.JUnitReportReporter -->
<testsuite hostname="EC2AMAZ-D9GMPCC" failures="0" tests="1" name="requesttypes.GetTest" time="3.357" errors="0" timestamp="2023-09-01T12:23:09 GMT" skipped="0">
  <testcase classname="requesttypes.GetTest" name="getTestBDD" time="3.357"/>
  <system-out/>
</testsuite> <!-- requesttypes.GetTest -->
