<?xml version="1.0" encoding="UTF-8"?>
<!-- Generated by org.testng.reporters.JUnitReportReporter -->
<testsuite hostname="EC2AMAZ-D9GMPCC" failures="0" tests="1" name="chaining.DeleteUser" time="0.273" errors="0" timestamp="2023-09-01T12:03:31 GMT" skipped="0">
  <testcase classname="chaining.DeleteUser" name="deleteUser" time="0.273"/>
  <system-out/>
</testsuite> <!-- chaining.DeleteUser -->
