<?xml version="1.0" encoding="UTF-8"?>
<!-- Generated by org.testng.reporters.JUnitReportReporter -->
<testsuite hostname="EC2AMAZ-D9GMPCC" failures="0" tests="1" name="chaining.UpdateUser" time="1.670" errors="0" timestamp="2023-09-01T12:03:31 GMT" skipped="0">
  <testcase classname="chaining.UpdateUser" name="updateUser" time="1.670"/>
  <system-out/>
</testsuite> <!-- chaining.UpdateUser -->
