<?xml version="1.0" encoding="UTF-8"?>
<!-- Generated by org.testng.reporters.JUnitReportReporter -->
<testsuite hostname="EC2AMAZ-D9GMPCC" failures="0" tests="1" name="authtechniques.PreemptiveAuth" time="6.518" errors="0" timestamp="2023-08-31T12:07:28 GMT" skipped="0">
  <testcase classname="authtechniques.PreemptiveAuth" name="preemptiveAuth" time="6.518"/>
  <system-out/>
</testsuite> <!-- authtechniques.PreemptiveAuth -->
