<?xml version="1.0" encoding="UTF-8"?>
<!-- Generated by org.testng.reporters.JUnitReportReporter -->
<testsuite hostname="EC2AMAZ-D9GMPCC" failures="0" tests="1" name="requesttypes.PutTest" time="3.840" errors="0" timestamp="2023-08-31T11:33:26 GMT" skipped="0">
  <testcase classname="requesttypes.PutTest" name="putTest" time="3.840"/>
  <system-out/>
</testsuite> <!-- requesttypes.PutTest -->
