<?xml version="1.0" encoding="UTF-8"?>
<!-- Generated by org.testng.reporters.JUnitReportReporter -->
<testsuite hostname="EC2AMAZ-D9GMPCC" failures="0" tests="1" name="requesttypes.PostTest" time="4.254" errors="0" timestamp="2023-08-31T11:26:54 GMT" skipped="0">
  <testcase classname="requesttypes.PostTest" name="postTest" time="4.254"/>
  <system-out/>
</testsuite> <!-- requesttypes.PostTest -->
