<?xml version="1.0" encoding="UTF-8"?>
<!-- Generated by org.testng.reporters.JUnitReportReporter -->
<testsuite hostname="EC2AMAZ-D9GMPCC" failures="0" tests="1" name="authtechniques.DigestAuth" time="6.281" errors="0" timestamp="2023-08-31T12:02:57 GMT" skipped="0">
  <testcase classname="authtechniques.DigestAuth" name="digestAuth" time="6.281"/>
  <system-out/>
</testsuite> <!-- authtechniques.DigestAuth -->
