<?xml version="1.0" encoding="UTF-8"?>
<!-- Generated by org.testng.reporters.JUnitReportReporter -->
<testsuite hostname="EC2AMAZ-D9GMPCC" failures="0" tests="1" name="authtechniques.BasicAuth" time="6.288" errors="0" timestamp="2023-08-31T11:59:41 GMT" skipped="0">
  <testcase classname="authtechniques.BasicAuth" name="basicAuth" time="6.288"/>
  <system-out/>
</testsuite> <!-- authtechniques.BasicAuth -->
