<?xml version="1.0" encoding="UTF-8"?>
<!-- Generated by org.testng.reporters.JUnitReportReporter -->
<testsuite hostname="EC2AMAZ-D9GMPCC" failures="0" tests="1" name="requesttypes.PatchTest" time="3.884" errors="0" timestamp="2023-08-31T11:39:12 GMT" skipped="0">
  <testcase classname="requesttypes.PatchTest" name="patchTest" time="3.884"/>
  <system-out/>
</testsuite> <!-- requesttypes.PatchTest -->
